
> medusa_decoupled@0.0.1 dev
> medusa develop

[32minfo[39m:    Watching filesystem to reload dev server on file change
redisUrl not found. A fake redis instance will be used.
[33mwarn[39m:    Local Event Bus installed. This is not recommended for production.
[32minfo[39m:    Locking module: Using "in-memory" as default.
[32minfo[39m:    No job to load from /Users/raychou/tim-web/medusa_decoupled/backend_vm/medusa-backend/node_modules/@medusajs/medusa/dist/jobs. skipped.
- Creating server
Error: listen EADDRINUSE: address already in use 0.0.0.0:9000
    at Server.setupListenHandle [as _listen2] (node:net:1908:16)
    at listenInCluster (node:net:1965:12)
    at doListen (node:net:2139:7)
    at processTicksAndRejections (node:internal/process/task_queues:83:21) {
  code: 'EADDRINUSE',
  errno: -48,
  syscall: 'listen',
  address: '0.0.0.0',
  port: 9000
}
[32minfo[39m:    src/subscribers/password-reset.ts modified: Restarting dev server
[32minfo[39m:    Gracefully shutting down server
redisUrl not found. A fake redis instance will be used.
[33mwarn[39m:    Local Event Bus installed. This is not recommended for production.
[32minfo[39m:    Locking module: Using "in-memory" as default.
[32minfo[39m:    No job to load from /Users/raychou/tim-web/medusa_decoupled/backend_vm/medusa-backend/node_modules/@medusajs/medusa/dist/jobs. skipped.
- Creating server
✔ Server is ready on port: 9000 – 72ms
[32minfo[39m:    Admin URL → http://0.0.0.0:9000/app
[32mhttp[39m:    POST /auth/customer/emailpass/reset-password ← - (201) - 48.447 ms
[32mhttp[39m:    POST /auth/customer/emailpass/reset-password ← - (201) - 16.662 ms
[32mhttp[39m:    POST /auth/customer/emailpass/reset-password ← - (201) - 34.204 ms
[32minfo[39m:    package.json modified: Restarting dev server
[32minfo[39m:    Gracefully shutting down server
[32minfo[39m:    yarn.lock modified: Restarting dev server
redisUrl not found. A fake redis instance will be used.
[33mwarn[39m:    Local Event Bus installed. This is not recommended for production.
[32minfo[39m:    Locking module: Using "in-memory" as default.
[32minfo[39m:    No job to load from /Users/raychou/tim-web/medusa_decoupled/backend_vm/medusa-backend/node_modules/@medusajs/medusa/dist/jobs. skipped.
- Creating server
✔ Server is ready on port: 9000 – 73ms
[32minfo[39m:    Admin URL → http://0.0.0.0:9000/app
[32minfo[39m:    medusa-config.ts modified: Restarting dev server
[32minfo[39m:    Gracefully shutting down server
redisUrl not found. A fake redis instance will be used.
[33mwarn[39m:    Local Event Bus installed. This is not recommended for production.
[32minfo[39m:    Locking module: Using "in-memory" as default.
[32minfo[39m:    No job to load from /Users/raychou/tim-web/medusa_decoupled/backend_vm/medusa-backend/node_modules/@medusajs/medusa/dist/jobs. skipped.
- Creating server
✔ Server is ready on port: 9000 – 26ms
[32minfo[39m:    Admin URL → http://0.0.0.0:9000/app
[32minfo[39m:    src/subscribers/password-reset.ts modified: Restarting dev server
[32minfo[39m:    Gracefully shutting down server
redisUrl not found. A fake redis instance will be used.
[33mwarn[39m:    Local Event Bus installed. This is not recommended for production.
[32minfo[39m:    Locking module: Using "in-memory" as default.
[32minfo[39m:    No job to load from /Users/raychou/tim-web/medusa_decoupled/backend_vm/medusa-backend/node_modules/@medusajs/medusa/dist/jobs. skipped.
- Creating server
✔ Server is ready on port: 9000 – 13ms
[32minfo[39m:    Admin URL → http://0.0.0.0:9000/app
[32minfo[39m:    medusa-config.ts modified: Restarting dev server
[32minfo[39m:    Gracefully shutting down server
[32minfo[39m:    medusa-config.ts modified: Restarting dev server
redisUrl not found. A fake redis instance will be used.
[33mwarn[39m:    Local Event Bus installed. This is not recommended for production.
[32minfo[39m:    Locking module: Using "in-memory" as default.
[31merror[39m:   Loaders for module Notification failed with the following error: 
{}
[31merror[39m:   Could not resolve module: Notification. Error: Loaders for module Notification failed: Multiple providers are configured for the same channel: email

Error: Loaders for module Notification failed: Multiple providers are configured for the same channel: email
    at runLoaders (/Users/raychou/tim-web/medusa_decoupled/backend_vm/medusa-backend/node_modules/@medusajs/modules-sdk/src/loaders/utils/load-internal.ts:676:14)
    at async loadInternalModule (/Users/raychou/tim-web/medusa_decoupled/backend_vm/medusa-backend/node_modules/@medusajs/modules-sdk/src/loaders/utils/load-internal.ts:289:17)
    at async loadModule (/Users/raychou/tim-web/medusa_decoupled/backend_vm/medusa-backend/node_modules/@medusajs/modules-sdk/src/loaders/module-loader.ts:82:10)
    at async moduleLoader (/Users/raychou/tim-web/medusa_decoupled/backend_vm/medusa-backend/node_modules/@medusajs/modules-sdk/src/loaders/module-loader.ts:21:32)
    at async /Users/raychou/tim-web/medusa_decoupled/backend_vm/medusa-backend/node_modules/@medusajs/modules-sdk/src/medusa-module.ts:480:11
    at async Promise.allSettled (index 18)
    at async promiseAll (/Users/raychou/tim-web/medusa_decoupled/backend_vm/medusa-backend/node_modules/@medusajs/utils/src/common/promise-all.ts:27:18)
    at async Function.bootstrap_ (/Users/raychou/tim-web/medusa_decoupled/backend_vm/medusa-backend/node_modules/@medusajs/modules-sdk/src/medusa-module.ts:398:5)
    at async Function.bootstrapAll (/Users/raychou/tim-web/medusa_decoupled/backend_vm/medusa-backend/node_modules/@medusajs/modules-sdk/src/medusa-module.ts:302:12)
    at async loadModules (/Users/raychou/tim-web/medusa_decoupled/backend_vm/medusa-backend/node_modules/@medusajs/modules-sdk/src/medusa-app.ts:154:19)
[31merror[39m:   Error starting server
[31merror[39m:   Loaders for module Notification failed: Multiple providers are configured for the same channel: email
Error: Loaders for module Notification failed: Multiple providers are configured for the same channel: email
    at runLoaders (/Users/raychou/tim-web/medusa_decoupled/backend_vm/medusa-backend/node_modules/@medusajs/modules-sdk/src/loaders/utils/load-internal.ts:676:14)
    at async loadInternalModule (/Users/raychou/tim-web/medusa_decoupled/backend_vm/medusa-backend/node_modules/@medusajs/modules-sdk/src/loaders/utils/load-internal.ts:289:17)
    at async loadModule (/Users/raychou/tim-web/medusa_decoupled/backend_vm/medusa-backend/node_modules/@medusajs/modules-sdk/src/loaders/module-loader.ts:82:10)
    at async moduleLoader (/Users/raychou/tim-web/medusa_decoupled/backend_vm/medusa-backend/node_modules/@medusajs/modules-sdk/src/loaders/module-loader.ts:21:32)
    at async /Users/raychou/tim-web/medusa_decoupled/backend_vm/medusa-backend/node_modules/@medusajs/modules-sdk/src/medusa-module.ts:480:11
    at async Promise.allSettled (index 18)
    at async promiseAll (/Users/raychou/tim-web/medusa_decoupled/backend_vm/medusa-backend/node_modules/@medusajs/utils/src/common/promise-all.ts:27:18)
    at async Function.bootstrap_ (/Users/raychou/tim-web/medusa_decoupled/backend_vm/medusa-backend/node_modules/@medusajs/modules-sdk/src/medusa-module.ts:398:5)
    at async Function.bootstrapAll (/Users/raychou/tim-web/medusa_decoupled/backend_vm/medusa-backend/node_modules/@medusajs/modules-sdk/src/medusa-module.ts:302:12)
    at async loadModules (/Users/raychou/tim-web/medusa_decoupled/backend_vm/medusa-backend/node_modules/@medusajs/modules-sdk/src/medusa-app.ts:154:19)
[32minfo[39m:    src/subscribers/password-reset.ts modified: Restarting dev server
redisUrl not found. A fake redis instance will be used.
[33mwarn[39m:    Local Event Bus installed. This is not recommended for production.
[32minfo[39m:    Locking module: Using "in-memory" as default.
[31merror[39m:   Loaders for module Notification failed with the following error: 
{}
[31merror[39m:   Could not resolve module: Notification. Error: Loaders for module Notification failed: Multiple providers are configured for the same channel: email

Error: Loaders for module Notification failed: Multiple providers are configured for the same channel: email
    at runLoaders (/Users/raychou/tim-web/medusa_decoupled/backend_vm/medusa-backend/node_modules/@medusajs/modules-sdk/src/loaders/utils/load-internal.ts:676:14)
    at async loadInternalModule (/Users/raychou/tim-web/medusa_decoupled/backend_vm/medusa-backend/node_modules/@medusajs/modules-sdk/src/loaders/utils/load-internal.ts:289:17)
    at async loadModule (/Users/raychou/tim-web/medusa_decoupled/backend_vm/medusa-backend/node_modules/@medusajs/modules-sdk/src/loaders/module-loader.ts:82:10)
    at async moduleLoader (/Users/raychou/tim-web/medusa_decoupled/backend_vm/medusa-backend/node_modules/@medusajs/modules-sdk/src/loaders/module-loader.ts:21:32)
    at async /Users/raychou/tim-web/medusa_decoupled/backend_vm/medusa-backend/node_modules/@medusajs/modules-sdk/src/medusa-module.ts:480:11
    at async Promise.allSettled (index 18)
    at async promiseAll (/Users/raychou/tim-web/medusa_decoupled/backend_vm/medusa-backend/node_modules/@medusajs/utils/src/common/promise-all.ts:27:18)
    at async Function.bootstrap_ (/Users/raychou/tim-web/medusa_decoupled/backend_vm/medusa-backend/node_modules/@medusajs/modules-sdk/src/medusa-module.ts:398:5)
    at async Function.bootstrapAll (/Users/raychou/tim-web/medusa_decoupled/backend_vm/medusa-backend/node_modules/@medusajs/modules-sdk/src/medusa-module.ts:302:12)
    at async loadModules (/Users/raychou/tim-web/medusa_decoupled/backend_vm/medusa-backend/node_modules/@medusajs/modules-sdk/src/medusa-app.ts:154:19)
[31merror[39m:   Error starting server
[31merror[39m:   Loaders for module Notification failed: Multiple providers are configured for the same channel: email
Error: Loaders for module Notification failed: Multiple providers are configured for the same channel: email
    at runLoaders (/Users/raychou/tim-web/medusa_decoupled/backend_vm/medusa-backend/node_modules/@medusajs/modules-sdk/src/loaders/utils/load-internal.ts:676:14)
    at async loadInternalModule (/Users/raychou/tim-web/medusa_decoupled/backend_vm/medusa-backend/node_modules/@medusajs/modules-sdk/src/loaders/utils/load-internal.ts:289:17)
    at async loadModule (/Users/raychou/tim-web/medusa_decoupled/backend_vm/medusa-backend/node_modules/@medusajs/modules-sdk/src/loaders/module-loader.ts:82:10)
    at async moduleLoader (/Users/raychou/tim-web/medusa_decoupled/backend_vm/medusa-backend/node_modules/@medusajs/modules-sdk/src/loaders/module-loader.ts:21:32)
    at async /Users/raychou/tim-web/medusa_decoupled/backend_vm/medusa-backend/node_modules/@medusajs/modules-sdk/src/medusa-module.ts:480:11
    at async Promise.allSettled (index 18)
    at async promiseAll (/Users/raychou/tim-web/medusa_decoupled/backend_vm/medusa-backend/node_modules/@medusajs/utils/src/common/promise-all.ts:27:18)
    at async Function.bootstrap_ (/Users/raychou/tim-web/medusa_decoupled/backend_vm/medusa-backend/node_modules/@medusajs/modules-sdk/src/medusa-module.ts:398:5)
    at async Function.bootstrapAll (/Users/raychou/tim-web/medusa_decoupled/backend_vm/medusa-backend/node_modules/@medusajs/modules-sdk/src/medusa-module.ts:302:12)
    at async loadModules (/Users/raychou/tim-web/medusa_decoupled/backend_vm/medusa-backend/node_modules/@medusajs/modules-sdk/src/medusa-app.ts:154:19)
[32minfo[39m:    package.json modified: Restarting dev server
[32minfo[39m:    yarn.lock modified: Restarting dev server
redisUrl not found. A fake redis instance will be used.
[33mwarn[39m:    Local Event Bus installed. This is not recommended for production.
[32minfo[39m:    Locking module: Using "in-memory" as default.
[31merror[39m:   Loaders for module Notification failed with the following error: 
{}
[31merror[39m:   Could not resolve module: Notification. Error: Loaders for module Notification failed: Multiple providers are configured for the same channel: email

Error: Loaders for module Notification failed: Multiple providers are configured for the same channel: email
    at runLoaders (/Users/raychou/tim-web/medusa_decoupled/backend_vm/medusa-backend/node_modules/@medusajs/modules-sdk/src/loaders/utils/load-internal.ts:676:14)
    at async loadInternalModule (/Users/raychou/tim-web/medusa_decoupled/backend_vm/medusa-backend/node_modules/@medusajs/modules-sdk/src/loaders/utils/load-internal.ts:289:17)
    at async loadModule (/Users/raychou/tim-web/medusa_decoupled/backend_vm/medusa-backend/node_modules/@medusajs/modules-sdk/src/loaders/module-loader.ts:82:10)
    at async moduleLoader (/Users/raychou/tim-web/medusa_decoupled/backend_vm/medusa-backend/node_modules/@medusajs/modules-sdk/src/loaders/module-loader.ts:21:32)
    at async /Users/raychou/tim-web/medusa_decoupled/backend_vm/medusa-backend/node_modules/@medusajs/modules-sdk/src/medusa-module.ts:480:11
    at async Promise.allSettled (index 18)
    at async promiseAll (/Users/raychou/tim-web/medusa_decoupled/backend_vm/medusa-backend/node_modules/@medusajs/utils/src/common/promise-all.ts:27:18)
    at async Function.bootstrap_ (/Users/raychou/tim-web/medusa_decoupled/backend_vm/medusa-backend/node_modules/@medusajs/modules-sdk/src/medusa-module.ts:398:5)
    at async Function.bootstrapAll (/Users/raychou/tim-web/medusa_decoupled/backend_vm/medusa-backend/node_modules/@medusajs/modules-sdk/src/medusa-module.ts:302:12)
    at async loadModules (/Users/raychou/tim-web/medusa_decoupled/backend_vm/medusa-backend/node_modules/@medusajs/modules-sdk/src/medusa-app.ts:154:19)
[31merror[39m:   Error starting server
[31merror[39m:   Loaders for module Notification failed: Multiple providers are configured for the same channel: email
Error: Loaders for module Notification failed: Multiple providers are configured for the same channel: email
    at runLoaders (/Users/raychou/tim-web/medusa_decoupled/backend_vm/medusa-backend/node_modules/@medusajs/modules-sdk/src/loaders/utils/load-internal.ts:676:14)
    at async loadInternalModule (/Users/raychou/tim-web/medusa_decoupled/backend_vm/medusa-backend/node_modules/@medusajs/modules-sdk/src/loaders/utils/load-internal.ts:289:17)
    at async loadModule (/Users/raychou/tim-web/medusa_decoupled/backend_vm/medusa-backend/node_modules/@medusajs/modules-sdk/src/loaders/module-loader.ts:82:10)
    at async moduleLoader (/Users/raychou/tim-web/medusa_decoupled/backend_vm/medusa-backend/node_modules/@medusajs/modules-sdk/src/loaders/module-loader.ts:21:32)
    at async /Users/raychou/tim-web/medusa_decoupled/backend_vm/medusa-backend/node_modules/@medusajs/modules-sdk/src/medusa-module.ts:480:11
    at async Promise.allSettled (index 18)
    at async promiseAll (/Users/raychou/tim-web/medusa_decoupled/backend_vm/medusa-backend/node_modules/@medusajs/utils/src/common/promise-all.ts:27:18)
    at async Function.bootstrap_ (/Users/raychou/tim-web/medusa_decoupled/backend_vm/medusa-backend/node_modules/@medusajs/modules-sdk/src/medusa-module.ts:398:5)
    at async Function.bootstrapAll (/Users/raychou/tim-web/medusa_decoupled/backend_vm/medusa-backend/node_modules/@medusajs/modules-sdk/src/medusa-module.ts:302:12)
    at async loadModules (/Users/raychou/tim-web/medusa_decoupled/backend_vm/medusa-backend/node_modules/@medusajs/modules-sdk/src/medusa-app.ts:154:19)
[32minfo[39m:    medusa-config.ts modified: Restarting dev server
redisUrl not found. A fake redis instance will be used.
[33mwarn[39m:    Local Event Bus installed. This is not recommended for production.
[32minfo[39m:    Locking module: Using "in-memory" as default.
[32minfo[39m:    No job to load from /Users/raychou/tim-web/medusa_decoupled/backend_vm/medusa-backend/node_modules/@medusajs/medusa/dist/jobs. skipped.
- Creating server
✔ Server is ready on port: 9000 – 63ms
[32minfo[39m:    Admin URL → http://0.0.0.0:9000/app
[32minfo[39m:    test-sendgrid.js created: Restarting dev server
redisUrl not found. A fake redis instance will be used.
[33mwarn[39m:    Local Event Bus installed. This is not recommended for production.
[32minfo[39m:    Locking module: Using "in-memory" as default.
[32minfo[39m:    No job to load from /Users/raychou/tim-web/medusa_decoupled/backend_vm/medusa-backend/node_modules/@medusajs/medusa/dist/jobs. skipped.
- Creating server
Error: listen EADDRINUSE: address already in use 0.0.0.0:9000
    at Server.setupListenHandle [as _listen2] (node:net:1908:16)
    at listenInCluster (node:net:1965:12)
    at doListen (node:net:2139:7)
    at processTicksAndRejections (node:internal/process/task_queues:83:21) {
  code: 'EADDRINUSE',
  errno: -48,
  syscall: 'listen',
  address: '0.0.0.0',
  port: 9000
}
[32minfo[39m:    package.json modified: Restarting dev server
[32minfo[39m:    Gracefully shutting down server
[32minfo[39m:    package.json modified: Restarting dev server
[32minfo[39m:    yarn.lock modified: Restarting dev server
redisUrl not found. A fake redis instance will be used.
[33mwarn[39m:    Local Event Bus installed. This is not recommended for production.
[32minfo[39m:    Locking module: Using "in-memory" as default.
[32minfo[39m:    No job to load from /Users/raychou/tim-web/medusa_decoupled/backend_vm/medusa-backend/node_modules/@medusajs/medusa/dist/jobs. skipped.
- Creating server
Error: listen EADDRINUSE: address already in use 0.0.0.0:9000
    at Server.setupListenHandle [as _listen2] (node:net:1908:16)
    at listenInCluster (node:net:1965:12)
    at doListen (node:net:2139:7)
    at processTicksAndRejections (node:internal/process/task_queues:83:21) {
  code: 'EADDRINUSE',
  errno: -48,
  syscall: 'listen',
  address: '0.0.0.0',
  port: 9000
}
[32minfo[39m:    package.json modified: Restarting dev server
[32minfo[39m:    yarn.lock modified: Restarting dev server
[32minfo[39m:    Gracefully shutting down server
[32minfo[39m:    package.json modified: Restarting dev server
[32minfo[39m:    package.json modified: Restarting dev server
[32minfo[39m:    yarn.lock modified: Restarting dev server
redisUrl not found. A fake redis instance will be used.
[33mwarn[39m:    Local Event Bus installed. This is not recommended for production.
[32minfo[39m:    Locking module: Using "in-memory" as default.
[32minfo[39m:    No job to load from /Users/raychou/tim-web/medusa_decoupled/backend_vm/medusa-backend/node_modules/@medusajs/medusa/dist/jobs. skipped.
- Creating server
✔ Server is ready on port: 9000 – 90ms
[32minfo[39m:    Admin URL → http://0.0.0.0:9000/app
[32minfo[39m:    medusa-config.ts modified: Restarting dev server
[32minfo[39m:    Gracefully shutting down server
redisUrl not found. A fake redis instance will be used.
[33mwarn[39m:    Local Event Bus installed. This is not recommended for production.
[32minfo[39m:    Locking module: Using "in-memory" as default.
[32minfo[39m:    No job to load from /Users/raychou/tim-web/medusa_decoupled/backend_vm/medusa-backend/node_modules/@medusajs/medusa/dist/jobs. skipped.
- Creating server
✔ Server is ready on port: 9000 – 17ms
[32minfo[39m:    Admin URL → http://0.0.0.0:9000/app
[32minfo[39m:    src/subscribers/password-reset.ts modified: Restarting dev server
[32minfo[39m:    Gracefully shutting down server
redisUrl not found. A fake redis instance will be used.
[33mwarn[39m:    Local Event Bus installed. This is not recommended for production.
[32minfo[39m:    Locking module: Using "in-memory" as default.
[32minfo[39m:    No job to load from /Users/raychou/tim-web/medusa_decoupled/backend_vm/medusa-backend/node_modules/@medusajs/medusa/dist/jobs. skipped.
- Creating server
✔ Server is ready on port: 9000 – 12ms
[32minfo[39m:    Admin URL → http://0.0.0.0:9000/app
[32minfo[39m:    src/subscribers/password-reset.ts modified: Restarting dev server
[32minfo[39m:    Gracefully shutting down server
redisUrl not found. A fake redis instance will be used.
[33mwarn[39m:    Local Event Bus installed. This is not recommended for production.
[32minfo[39m:    Locking module: Using "in-memory" as default.
[32minfo[39m:    No job to load from /Users/raychou/tim-web/medusa_decoupled/backend_vm/medusa-backend/node_modules/@medusajs/medusa/dist/jobs. skipped.
- Creating server
✔ Server is ready on port: 9000 – 29ms
[32minfo[39m:    Admin URL → http://0.0.0.0:9000/app
[32minfo[39m:    test-sendgrid.js removed: Restarting dev server
[32minfo[39m:    Gracefully shutting down server
redisUrl not found. A fake redis instance will be used.
[33mwarn[39m:    Local Event Bus installed. This is not recommended for production.
[32minfo[39m:    Locking module: Using "in-memory" as default.
[32minfo[39m:    No job to load from /Users/raychou/tim-web/medusa_decoupled/backend_vm/medusa-backend/node_modules/@medusajs/medusa/dist/jobs. skipped.
- Creating server
✔ Server is ready on port: 9000 – 9ms
[32minfo[39m:    Admin URL → http://0.0.0.0:9000/app
[32mhttp[39m:    POST /auth/customer/emailpass/reset-password ← - (201) - 63.270 ms
[32minfo[39m:    src/subscribers/password-reset.ts modified: Restarting dev server
[32minfo[39m:    Gracefully shutting down server
redisUrl not found. A fake redis instance will be used.
[33mwarn[39m:    Local Event Bus installed. This is not recommended for production.
[32minfo[39m:    Locking module: Using "in-memory" as default.
[32minfo[39m:    No job to load from /Users/raychou/tim-web/medusa_decoupled/backend_vm/medusa-backend/node_modules/@medusajs/medusa/dist/jobs. skipped.
- Creating server
Error: listen EADDRINUSE: address already in use 0.0.0.0:9000
    at Server.setupListenHandle [as _listen2] (node:net:1908:16)
    at listenInCluster (node:net:1965:12)
    at doListen (node:net:2139:7)
    at processTicksAndRejections (node:internal/process/task_queues:83:21) {
  code: 'EADDRINUSE',
  errno: -48,
  syscall: 'listen',
  address: '0.0.0.0',
  port: 9000
}
[32minfo[39m:    test-resend.js created: Restarting dev server
[32minfo[39m:    Gracefully shutting down server
[32minfo[39m:    test-resend.js modified: Restarting dev server
redisUrl not found. A fake redis instance will be used.
[33mwarn[39m:    Local Event Bus installed. This is not recommended for production.
[32minfo[39m:    Locking module: Using "in-memory" as default.
[32minfo[39m:    No job to load from /Users/raychou/tim-web/medusa_decoupled/backend_vm/medusa-backend/node_modules/@medusajs/medusa/dist/jobs. skipped.
- Creating server
Error: listen EADDRINUSE: address already in use 0.0.0.0:9000
    at Server.setupListenHandle [as _listen2] (node:net:1908:16)
    at listenInCluster (node:net:1965:12)
    at doListen (node:net:2139:7)
    at processTicksAndRejections (node:internal/process/task_queues:83:21) {
  code: 'EADDRINUSE',
  errno: -48,
  syscall: 'listen',
  address: '0.0.0.0',
  port: 9000
}
[32minfo[39m:    test-resend.js modified: Restarting dev server
[32minfo[39m:    Gracefully shutting down server
redisUrl not found. A fake redis instance will be used.
[33mwarn[39m:    Local Event Bus installed. This is not recommended for production.
[32minfo[39m:    Locking module: Using "in-memory" as default.
[32minfo[39m:    No job to load from /Users/raychou/tim-web/medusa_decoupled/backend_vm/medusa-backend/node_modules/@medusajs/medusa/dist/jobs. skipped.
- Creating server
✔ Server is ready on port: 9000 – 59ms
[32minfo[39m:    Admin URL → http://0.0.0.0:9000/app
[32minfo[39m:    test-resend.js modified: Restarting dev server
[32minfo[39m:    Gracefully shutting down server
redisUrl not found. A fake redis instance will be used.
[33mwarn[39m:    Local Event Bus installed. This is not recommended for production.
[32minfo[39m:    Locking module: Using "in-memory" as default.
[32minfo[39m:    No job to load from /Users/raychou/tim-web/medusa_decoupled/backend_vm/medusa-backend/node_modules/@medusajs/medusa/dist/jobs. skipped.
- Creating server
✔ Server is ready on port: 9000 – 19ms
[32minfo[39m:    Admin URL → http://0.0.0.0:9000/app
[32mhttp[39m:    POST /auth/customer/emailpass/reset-password ← - (201) - 135.328 ms
[32minfo[39m:    test-resend.js removed: Restarting dev server
[32minfo[39m:    Gracefully shutting down server
redisUrl not found. A fake redis instance will be used.
[33mwarn[39m:    Local Event Bus installed. This is not recommended for production.
[32minfo[39m:    Locking module: Using "in-memory" as default.
[32minfo[39m:    No job to load from /Users/raychou/tim-web/medusa_decoupled/backend_vm/medusa-backend/node_modules/@medusajs/medusa/dist/jobs. skipped.
- Creating server
✔ Server is ready on port: 9000 – 42ms
[32minfo[39m:    Admin URL → http://0.0.0.0:9000/app
[32minfo[39m:    src/subscribers/password-reset.ts modified: Restarting dev server
redisUrl not found. A fake redis instance will be used.
[33mwarn[39m:    Local Event Bus installed. This is not recommended for production.
[32minfo[39m:    Locking module: Using "in-memory" as default.
[32minfo[39m:    No job to load from /Users/raychou/tim-web/medusa_decoupled/backend_vm/medusa-backend/node_modules/@medusajs/medusa/dist/jobs. skipped.
- Creating server
Error: listen EADDRINUSE: address already in use 0.0.0.0:9000
    at Server.setupListenHandle [as _listen2] (node:net:1908:16)
    at listenInCluster (node:net:1965:12)
    at doListen (node:net:2139:7)
    at processTicksAndRejections (node:internal/process/task_queues:83:21) {
  code: 'EADDRINUSE',
  errno: -48,
  syscall: 'listen',
  address: '0.0.0.0',
  port: 9000
}
